


ARM Macro Assembler    Page 1 


    1 00000000                 AREA             RESET, DATA, READONLY
    2 00000000 20001000        DCD              0x20001000
    3 00000004 00000000        DCD              Reset_Handler
    4 00000008 00000001 
              00000001 
              00000001 
              00000001 matran  DCD              1,1,1,1
    5 00000018 00000001 
              00000002 
              00000001 
              00000001         DCD              1,2,1,1
    6 00000028 00000001 
              00000003 
              00000004 
              00000001         DCD              1,3,4,1
    7 00000038 00000001 
              00000001 
              00000001 
              00000005         DCD              1,1,1,5
    8 00000048         
    9 00000048                 AREA             RESET, DATA, READWRITE
   10 00000048 00000000 
                       MAXCC   DCD              0
   11 0000004C 00000000 
                       MINCC   DCD              0
   12 00000050         
   13 00000050                 AREA             MYCODE, CODE, READONLY
   14 00000000                 ENTRY
   15 00000000                 EXPORT           Reset_Handler
   16 00000000         
   17 00000000         Reset_Handler
   18 00000000         ;============================
   19 00000000 00000004 
                       hang    EQU              4
   20 00000000 4A13            LDR              R2,=matran
   21 00000002 F04F 0304       LDR              R3,=hang
   22 00000006 F852 4B14       LDR              R4,[R2],#20
   23 0000000A 4620            MOV              R0,R4       ;MAX
   24 0000000C 4621            MOV              R1,R4       ;MIN
   25 0000000E F1A3 0301       SUB              R3,#1       ;tru 1 vi da lay pt
                                                             dau tien
   26 00000012         
   27 00000012         loopChinh
   28 00000012 2B00            CMP              R3,#0
   29 00000014 D006            BEQ              reset
   30 00000016 F852 4B14       LDR              R4,[R2],#20
   31 0000001A 4284            CMP              R4,R0
   32 0000001C DC10            BGT              PMAX
   33 0000001E 428C            CMP              R4,R1
   34 00000020 DB0C            BLT              PMIN
   35 00000022 E00F            B                tiepChinh
   36 00000024         
   37 00000024         reset
   38 00000024 4A0A            LDR              R2,=matran
   39 00000026 F04F 0304       LDR              R3,=hang
   40 0000002A         
   41 0000002A         loopPhu
   42 0000002A 2B00            CMP              R3, #0      ;
   43 0000002C D010            BEQ              thoat



ARM Macro Assembler    Page 2 


   44 0000002E F852 4B0C       LDR              R4,[R2],#12
   45 00000032 4284            CMP              R4,R0
   46 00000034 DC04            BGT              PMAX
   47 00000036 428C            CMP              R4,R1
   48 00000038 DB00            BLT              PMIN
   49 0000003A E006            B                tiepPhu
   50 0000003C         
   51 0000003C         PMIN
   52 0000003C 4621            MOV              R1,R4       ;gan gia tri R0 cho
                                                             R4
   53 0000003E E000            B                tiep
   54 00000040         
   55 00000040         PMAX
   56 00000040 4620            MOV              R0,R4       ;gan gia tri R0 cho
                                                             R4
   57 00000042 E000            B                tiep
   58 00000044         
   59 00000044         tiepChinh
   60 00000044 F1A3 0301       SUB              R3,#1
   61 00000048 E000            B                loopCHinh
   62 0000004A         
   63 0000004A         tiepPhu
   64 0000004A F1A3 0301       SUB              R3,#1
   65 0000004E E7EC            B                loopPhu
   66 00000050         thoat
   67 00000050         
   68 00000050         
   69 00000050         ;============================
   70 00000050                 END
              00000000 
Command Line: --debug --xref --cpu=Cortex-M3 --apcs=interwork --depend=.\bai6.d
 -o.\bai6.o -IC:\Keil_v5\ARM\RV31\INC -IC:\Keil_v5\ARM\CMSIS\Include -IC:\Keil_
v5\ARM\Inc\ST\STM32F10x --list=.\bai6.lst bai6.s
