


ARM Macro Assembler    Page 1 


    1 00000000                 AREA             RESET, DATA, READONLY
    2 00000000 20001000        DCD              0X20001000
    3 00000004 00000000        DCD              MAIN
    4 00000008 00000005 
                       X       DCD              5
    5 0000000C 00000002 
                       N       DCD              2
    6 00000010                 AREA             A, CODE, READONLY
    7 00000000                 ENTRY
    8 00000000         MAIN
    9 00000000 F04F 0001       MOV              R0, #1      ; Khoi tao bien dem
                                                            
   10 00000004 F85F 1004       LDR              R1, X
   11 00000008 F85F 2004       LDR              R2, N
   12 0000000C F04F 0301       MOV              R3, #1      ;tong x mu n
   13 00000010         
   14 00000010         LOOP
   15 00000010 FB03 F301       MUL              R3, R1
   16 00000014 F100 0001       ADD              R0, #1
   17 00000018 4290            CMP              R0, R2
   18 0000001A D800            BHI              STOP
   19 0000001C E7F8            B                LOOP
   20 0000001E         
   21 0000001E         
   22 0000001E         STOP
   23 0000001E         END
   24 0000001E         
   25 0000001E         ;CTC PROC 
   26 0000001E         ;LOOP
   27 0000001E         ; MUL R3, R1    
   28 0000001E         ; ADD R0, R0, #1  ; Tang bien dem lên 1
   29 0000001E         ; CMP R0, R2
   30 0000001E         ; BLE LOOP       ; Neu bien dem <= n thì quay lai vòng l
                       ap
   31 0000001E         ; BX LR          
   32 0000001E         ; ENDP
   33 0000001E         ; END
                       
Command Line: --debug --xref --cpu=Cortex-M3 --apcs=interwork --depend=.\bai5.d
 -o.\bai5.o -IC:\Keil_v5\ARM\RV31\INC -IC:\Keil_v5\ARM\CMSIS\Include -IC:\Keil_
v5\ARM\Inc\ST\STM32F10x --list=.\bai5.lst bai5.s



ARM Macro Assembler    Page 1 Alphabetic symbol ordering
Relocatable symbols

N 0000000C

Symbol: N
   Definitions
      At line 5 in file bai5.s
   Uses
      At line 11 in file bai5.s
Comment: N used once
RESET 00000000

Symbol: RESET
   Definitions
      At line 1 in file bai5.s
   Uses
      None
Comment: RESET unused
X 00000008

Symbol: X
   Definitions
      At line 4 in file bai5.s
   Uses
      At line 10 in file bai5.s
Comment: X used once
3 symbols



ARM Macro Assembler    Page 1 Alphabetic symbol ordering
Relocatable symbols

A 00000000

Symbol: A
   Definitions
      At line 6 in file bai5.s
   Uses
      None
Comment: A unused
END 0000001E

Symbol: END
   Definitions
      At line 23 in file bai5.s
   Uses
      None
Comment: END unused
LOOP 00000010

Symbol: LOOP
   Definitions
      At line 14 in file bai5.s
   Uses
      At line 19 in file bai5.s
Comment: LOOP used once
MAIN 00000000

Symbol: MAIN
   Definitions
      At line 8 in file bai5.s
   Uses
      At line 3 in file bai5.s
Comment: MAIN used once
STOP 0000001E

Symbol: STOP
   Definitions
      At line 22 in file bai5.s
   Uses
      At line 18 in file bai5.s
Comment: STOP used once
5 symbols
338 symbols in table
