


ARM Macro Assembler    Page 1 


    1 00000000         ;; MA HOA DICH VONG
    2 00000000                 AREA             RESET, DATA, READONLY
    3 00000000 20000000        DCD              0X20000000
    4 00000004 00000000        DCD              MAIN
    5 00000008 54 48 49 
              65 4E 5A 
              20 4D 65 
              6E 48 7A 
              00       CHUOI   DCB              "THIeNZ MenHz",0
    6 00000015 03      KEY     DCB              3
    7 00000016                 AREA             DATA1, DATA, READWRITE
    8 00000000 00      KETQUA  DCB              0           ;
    9 00000001                 AREA             HUU, CODE, READONLY
   10 00000000                 ENTRY
   11 00000000         MAIN
   12 00000000 F81F 0004       LDRB             R0, KEY
   13 00000004 490B            LDR              R1, =CHUOI
   14 00000006 4B0C            LDR              R3, =KETQUA
   15 00000008         LOOP
   16 00000008 F811 2B01       LDRB             R2, [R1], #1
   17 0000000C 2A00            CMP              R2, #0      ; CO PHAI NULL HAY 
                                                            K
   18 0000000E D010            BEQ              STOP
   19 00000010 2A20            CMP              R2, #32     ; CO PHAI DAU CACH 
                                                            HAY KHONG
   20 00000012 D00B            BEQ              TIEP
   21 00000014 2A5A            CMP              R2, #90     ; SO SANH VOI Z
   22 00000016 DD03            BLE              KITUHOA
   23 00000018         KITUTHUONG
   24 00000018 4402            ADD              R2, R0
   25 0000001A 2A7A            CMP              R2, #122    ; LON HON z
   26 0000001C DC04            BGT              DICHVONG
   27 0000001E DD05            BLE              TIEP
   28 00000020         KITUHOA
   29 00000020 4402            ADD              R2, R0
   30 00000022 2A5A            CMP              R2, #90     ; LON HON Z
   31 00000024 DC00            BGT              DICHVONG
   32 00000026 DD01            BLE              TIEP
   33 00000028         DICHVONG
   34 00000028 F1A2 021A       SUB              R2, #26
   35 0000002C         TIEP
   36 0000002C F803 2B01       STRB             R2, [R3], #1
   37 00000030 E7EA            B                LOOP
   38 00000032         STOP
   39 00000032                 END
              00 00 00000000 
              00000000 
Command Line: --debug --xref --cpu=Cortex-M3 --apcs=interwork --depend=.\bai1.d
 -o.\bai1.o -IC:\Keil_v5\ARM\RV31\INC -IC:\Keil_v5\ARM\CMSIS\Include -IC:\Keil_
v5\ARM\Inc\ST\STM32F10x --list=.\bai1.lst bai1.S



ARM Macro Assembler    Page 1 Alphabetic symbol ordering
Relocatable symbols

CHUOI 00000008

Symbol: CHUOI
   Definitions
      At line 5 in file bai1.S
   Uses
      At line 13 in file bai1.S
Comment: CHUOI used once
KEY 00000015

Symbol: KEY
   Definitions
      At line 6 in file bai1.S
   Uses
      At line 12 in file bai1.S
Comment: KEY used once
RESET 00000000

Symbol: RESET
   Definitions
      At line 2 in file bai1.S
   Uses
      None
Comment: RESET unused
3 symbols



ARM Macro Assembler    Page 1 Alphabetic symbol ordering
Relocatable symbols

DATA1 00000000

Symbol: DATA1
   Definitions
      At line 7 in file bai1.S
   Uses
      None
Comment: DATA1 unused
KETQUA 00000000

Symbol: KETQUA
   Definitions
      At line 8 in file bai1.S
   Uses
      At line 14 in file bai1.S
Comment: KETQUA used once
2 symbols



ARM Macro Assembler    Page 1 Alphabetic symbol ordering
Relocatable symbols

DICHVONG 00000028

Symbol: DICHVONG
   Definitions
      At line 33 in file bai1.S
   Uses
      At line 26 in file bai1.S
      At line 31 in file bai1.S

HUU 00000000

Symbol: HUU
   Definitions
      At line 9 in file bai1.S
   Uses
      None
Comment: HUU unused
KITUHOA 00000020

Symbol: KITUHOA
   Definitions
      At line 28 in file bai1.S
   Uses
      At line 22 in file bai1.S
Comment: KITUHOA used once
KITUTHUONG 00000018

Symbol: KITUTHUONG
   Definitions
      At line 23 in file bai1.S
   Uses
      None
Comment: KITUTHUONG unused
LOOP 00000008

Symbol: LOOP
   Definitions
      At line 15 in file bai1.S
   Uses
      At line 37 in file bai1.S
Comment: LOOP used once
MAIN 00000000

Symbol: MAIN
   Definitions
      At line 11 in file bai1.S
   Uses
      At line 4 in file bai1.S
Comment: MAIN used once
STOP 00000032

Symbol: STOP
   Definitions
      At line 38 in file bai1.S
   Uses
      At line 18 in file bai1.S
Comment: STOP used once
TIEP 0000002C




ARM Macro Assembler    Page 2 Alphabetic symbol ordering
Relocatable symbols

Symbol: TIEP
   Definitions
      At line 35 in file bai1.S
   Uses
      At line 20 in file bai1.S
      At line 27 in file bai1.S
      At line 32 in file bai1.S

8 symbols
345 symbols in table
