


ARM Macro Assembler    Page 1 


    1 00000000         ;Vi?t chuong trình tính t?ng các s? ch?n, l? trong ma tr
                       ?n
    2 00000000                 AREA             RESET, DATA, READONLY
    3 00000000 20001000        DCD              0x20001000
    4 00000004 00000000        DCD              Reset_Handler
    5 00000008 00000003 
              00000004 
              00000005 
              00000006 matran  DCD              3,4,5,6
    6 00000018 00000006 
              00000005 
              00000004 
              00000003         DCD              6,5,4,3
    7 00000028 00000003 
              00000004 
              00000005 
              00000006         DCD              3,4,5,6
    8 00000038 00000006 
              00000005 
              00000004 
              00000003         DCD              6,5,4,3
    9 00000048         
   10 00000048                 AREA             RESET, DATA, READWRITE
   11 00000048 00000000 
                       TongChan
                               DCD              0
   12 0000004C 00000000 
                       TongLe  DCD              0
   13 00000050         
   14 00000050                 AREA             MYCODE, CODE, READONLY
   15 00000000                 ENTRY
   16 00000000                 EXPORT           Reset_Handler
   17 00000000         
   18 00000000         Reset_Handler
   19 00000000         ;============================
   20 00000000 00000010 
                       soPhantu
                               EQU              16
   21 00000000 4811            LDR              R0,=matran
   22 00000002 F04F 0110       LDR              R1,=soPhantu
   23 00000006 F04F 0200       MOV              R2,#0       ;TCHAN
   24 0000000A F04F 0300       MOV              R3,#0       ;TLE
   25 0000000E         
   26 0000000E         loop
   27 0000000E 2900            CMP              R1,#0       ;so sanh het thi du
                                                            ng
   28 00000010 D012            BEQ              thoat
   29 00000012 F1A1 0101       SUB              R1,#1       ;- R1 DI 1 
   30 00000016 F850 4B04       LDR              R4,[R0],#4  ;R4 = 3 , TANG DIA 
                                                            CHI R0 + 4
   31 0000001A 2C00            CMP              R4,#0       ;kiem tra R4 CO BAN
                                                             G 0 HAY K
   32 0000001C D0F7            BEQ              loop
   33 0000001E E7FF            B                KiemTra
   34 00000020         
   35 00000020         
   36 00000020         ; KIEM TRA
   37 00000020         KiemTra
   38 00000020 F04F 0502       MOV              R5,#2       ;bat dau chan



ARM Macro Assembler    Page 2 


   39 00000024         ;MOV R6,#1 ; bat dau tu 1
   40 00000024         add1
   41 00000024 42A5            CMP              R5,R4       ;kiem tra R5 va r4
   42 00000026 F105 0502       ADD              R5,#2
   43 0000002A DBFB            BLT              add1        ;neu nho hon thi co
                                                            ng tiep
   44 0000002C DC02            BGT              le          ; lon hon thi le
   45 0000002E D0FF            BEQ              Chan        ; bang thi la so ch
                                                            an
   46 00000030         ; KIEM TRA
   47 00000030         
   48 00000030         Chan
   49 00000030 4422            ADD              R2,R4       ;R2 = R2 +R4
   50 00000032 E7EC            B                loop
   51 00000034         le
   52 00000034 4423            ADD              R3,R4       ;R3 = R3 +R4
   53 00000036 E7EA            B                loop
   54 00000038         thoat
   55 00000038 4F04            LDR              R7,=TongChan
   56 0000003A 603A            STR              R2,[R7]
   57 0000003C F8DF 8010       LDR              R8,=TongLe
   58 00000040 F8C8 3000       STR              R3,[R8]
   59 00000044 DF11            SWI              &11
   60 00000046         ;============================
   61 00000046                 END
              00 00 00000000 
              00000000 
              00000000 
Command Line: --debug --xref --cpu=Cortex-M3 --apcs=interwork --depend=.\bai7.d
 -o.\bai7.o -IC:\Keil_v5\ARM\RV31\INC -IC:\Keil_v5\ARM\CMSIS\Include -IC:\Keil_
v5\ARM\Inc\ST\STM32F10x --list=.\bai7.lst bai7.s



ARM Macro Assembler    Page 1 Alphabetic symbol ordering
Relocatable symbols

RESET 00000000

Symbol: RESET
   Definitions
      At line 2 in file bai7.s
   Uses
      None
Comment: RESET unused
TongChan 00000048

Symbol: TongChan
   Definitions
      At line 11 in file bai7.s
   Uses
      At line 55 in file bai7.s
Comment: TongChan used once
TongLe 0000004C

Symbol: TongLe
   Definitions
      At line 12 in file bai7.s
   Uses
      At line 57 in file bai7.s
Comment: TongLe used once
matran 00000008

Symbol: matran
   Definitions
      At line 5 in file bai7.s
   Uses
      At line 21 in file bai7.s
Comment: matran used once
4 symbols



ARM Macro Assembler    Page 1 Alphabetic symbol ordering
Relocatable symbols

Chan 00000030

Symbol: Chan
   Definitions
      At line 48 in file bai7.s
   Uses
      At line 45 in file bai7.s
Comment: Chan used once
KiemTra 00000020

Symbol: KiemTra
   Definitions
      At line 37 in file bai7.s
   Uses
      At line 33 in file bai7.s
Comment: KiemTra used once
MYCODE 00000000

Symbol: MYCODE
   Definitions
      At line 14 in file bai7.s
   Uses
      None
Comment: MYCODE unused
Reset_Handler 00000000

Symbol: Reset_Handler
   Definitions
      At line 18 in file bai7.s
   Uses
      At line 4 in file bai7.s
      At line 16 in file bai7.s

add1 00000024

Symbol: add1
   Definitions
      At line 40 in file bai7.s
   Uses
      At line 43 in file bai7.s
Comment: add1 used once
le 00000034

Symbol: le
   Definitions
      At line 51 in file bai7.s
   Uses
      At line 44 in file bai7.s
Comment: le used once
loop 0000000E

Symbol: loop
   Definitions
      At line 26 in file bai7.s
   Uses
      At line 32 in file bai7.s
      At line 50 in file bai7.s
      At line 53 in file bai7.s




ARM Macro Assembler    Page 2 Alphabetic symbol ordering
Relocatable symbols

thoat 00000038

Symbol: thoat
   Definitions
      At line 54 in file bai7.s
   Uses
      At line 28 in file bai7.s
Comment: thoat used once
8 symbols



ARM Macro Assembler    Page 1 Alphabetic symbol ordering
Absolute symbols

soPhantu 00000010

Symbol: soPhantu
   Definitions
      At line 20 in file bai7.s
   Uses
      At line 22 in file bai7.s
Comment: soPhantu used once
1 symbol
345 symbols in table
