


ARM Macro Assembler    Page 1 


    1 00000000         ;Vi?t các chuong trình so sánh 2 xâu (cài d?t theo d? dà
                       i)
    2 00000000                 AREA             RESET,DATA,READONLY
    3 00000000 20001000        DCD              0x20001000
    4 00000004 00000000        DCD              start
    5 00000008                 ALIGN
    6 00000008 00000005 
                       CHUOIA  DCD              5
    7 0000000C 4D 49 4E 
              48               DCB              "MINH"
    8 00000010 00000005 
                       CHUOIB  DCD              5
    9 00000014 4D 49 4E 
              48               DCB              "MINH"
   10 00000018         
   11 00000018                 AREA             KETQUA,DATA,READWRITE
   12 00000000 00000000 
                       KQ      DCD              0
   13 00000004                 AREA             MYCODE,CODE,READONLY
   14 00000000                 ENTRY
   15 00000000         start
   16 00000000         ;=====================
   17 00000000 480E            LDR              R0, =CHUOIA
   18 00000002 490F            LDR              R1, =CHUOIB
   19 00000004 4A0F            LDR              R2, =KQ
   20 00000006 F850 3B04       LDR              R3, [R0], #4 ; DO DAI CUA CHUOI
                                                             SO
   21 0000000A F851 4B04       LDR              R4, [R1], #4
   22 0000000E 42A3            CMP              R3, R4
   23 00000010 D110            BNE              KHACNHAU    ; R3 != R4 THI DO D
                                                            AI KHAC NHAU
   24 00000012 2B00            CMP              R3, #0      ; DO DAI BANG 0 THI
                                                             K CO PHAN TU NAO
   25 00000014 D00A            BEQ              TUONGTU     ; DO DAI GIONG NHAU
                                                            ,KI TU GIONG NHAU
   26 00000016         LOOP
   27 00000016 F810 5B01       LDRB             R5, [R0], #1 ;LAY TU DAU TIEN
   28 0000001A F811 6B01       LDRB             R6, [R1], #1 ; LAY TU DAU TIEN
   29 0000001E 42B5            CMP              R5, R6      ;KIEM TRA 
   30 00000020 D108            BNE              KHACNHAU    ; != LA KHACNHAU
   31 00000022 1E5B            SUBS             R3, R3, #1  ; GIAM SO PHAN TU D
                                                            I
   32 00000024 1E64            SUBS             R4, R4, #1  ;GIAM SO PHAN TU DI
                                                            
   33 00000026 2B00            CMP              R3, #0      ; KIEM TRA DEN KHI 
                                                            NAO MA R3 = 0 THI T
                                                            HOI VI HET PHAN TU
   34 00000028 D000            BEQ              TUONGTU     ;DO DAI GIONG NHAU,
                                                            KI TU GIONG NHAU
   35 0000002A E7F4            B                LOOP        ; DO DAI BANG NHAU 
                                                            KI TU GIONG NHAU
   36 0000002C         TUONGTU
   37 0000002C F04F 3711       MOV              R7,#0x11111111 ;NEU GIONG NHAU 
                                                            EM DE  #0x11111111 
                                                            CHO DE NHIN
   38 00000030 6017            STR              R7, [R2]    ;R7 VAO DIA CHI R2
   39 00000032 E002            B                STOP
   40 00000034         KHACNHAU
   41 00000034 F04F 0700       MOV              R7,#0x00000000



ARM Macro Assembler    Page 2 


   42 00000038 6017            STR              R7, [R2]
   43 0000003A         STOP
   44 0000003A DF11            SWI              &11
   45 0000003C         ;=====================
   46 0000003C                 END
              00000000 
              00000000 
              00000000 
Command Line: --debug --xref --cpu=Cortex-M3 --apcs=interwork --depend=.\bai1.d
 -o.\bai1.o -IC:\Keil_v5\ARM\RV31\INC -IC:\Keil_v5\ARM\CMSIS\Include -IC:\Keil_
v5\ARM\Inc\ST\STM32F10x --list=.\bai1.lst bai1.s



ARM Macro Assembler    Page 1 Alphabetic symbol ordering
Relocatable symbols

CHUOIA 00000008

Symbol: CHUOIA
   Definitions
      At line 6 in file bai1.s
   Uses
      At line 17 in file bai1.s
Comment: CHUOIA used once
CHUOIB 00000010

Symbol: CHUOIB
   Definitions
      At line 8 in file bai1.s
   Uses
      At line 18 in file bai1.s
Comment: CHUOIB used once
RESET 00000000

Symbol: RESET
   Definitions
      At line 2 in file bai1.s
   Uses
      None
Comment: RESET unused
3 symbols



ARM Macro Assembler    Page 1 Alphabetic symbol ordering
Relocatable symbols

KETQUA 00000000

Symbol: KETQUA
   Definitions
      At line 11 in file bai1.s
   Uses
      None
Comment: KETQUA unused
KQ 00000000

Symbol: KQ
   Definitions
      At line 12 in file bai1.s
   Uses
      At line 19 in file bai1.s
Comment: KQ used once
2 symbols



ARM Macro Assembler    Page 1 Alphabetic symbol ordering
Relocatable symbols

KHACNHAU 00000034

Symbol: KHACNHAU
   Definitions
      At line 40 in file bai1.s
   Uses
      At line 23 in file bai1.s
      At line 30 in file bai1.s

LOOP 00000016

Symbol: LOOP
   Definitions
      At line 26 in file bai1.s
   Uses
      At line 35 in file bai1.s
Comment: LOOP used once
MYCODE 00000000

Symbol: MYCODE
   Definitions
      At line 13 in file bai1.s
   Uses
      None
Comment: MYCODE unused
STOP 0000003A

Symbol: STOP
   Definitions
      At line 43 in file bai1.s
   Uses
      At line 39 in file bai1.s
Comment: STOP used once
TUONGTU 0000002C

Symbol: TUONGTU
   Definitions
      At line 36 in file bai1.s
   Uses
      At line 25 in file bai1.s
      At line 34 in file bai1.s

start 00000000

Symbol: start
   Definitions
      At line 15 in file bai1.s
   Uses
      At line 4 in file bai1.s
Comment: start used once
6 symbols
343 symbols in table
