


ARM Macro Assembler    Page 1 


    1 00000000         
    2 00000000                 AREA             RESET,DATA,READONLY
    3 00000000 20001000        DCD              0x20001000
    4 00000004 00000000        DCD              MAIN
    5 00000008                 ALIGN
    6 00000008 00 01 01 
              00 01 00 
              01 00 01 MA      DCB              0,1,1,0,1,0,1,0,1
    7 00000011 09      SPT     DCB              9
    8 00000012         
    9 00000012                 AREA             KETQUA,DATA,READWRITE
   10 00000000 00      KQ      DCB              0
   11 00000001                 AREA             MYCODE,CODE,READONLY
   12 00000000                 ENTRY
   13 00000000         MAIN
   14 00000000         ;==========================================
   15 00000000 4810            LDR              R0,=MA
   16 00000002 F04F 0200       MOV              R2,#0
   17 00000006 F04F 0300       MOV              R3,#0
   18 0000000A F81F 4004       LDRB             R4,SPT
   19 0000000E 4D0E            LDR              R5,=KQ
   20 00000010 F105 050A       ADD              R5,#10
   21 00000014         
   22 00000014         LOOP
   23 00000014 F810 1B01       LDRB             R1,[R0],#1
   24 00000018 2C00            CMP              R4,#0
   25 0000001A D006            BEQ              NEXT
   26 0000001C 2901            CMP              R1,#1
   27 0000001E BF0C 3201       ADDEQ            R2,#1
   28 00000022 3301            ADDNE            R3,#1
   29 00000024 F1A4 0401       SUB              R4,#1
   30 00000028 E7F4            B                LOOP
   31 0000002A         NEXT
   32 0000002A 429A            CMP              R2,R3
   33 0000002C DC01            BGT              LE
   34 0000002E DB04            BLT              CHAN
   35 00000030 D007            BEQ              THOAT
   36 00000032         LE
   37 00000032 F04F 0001       MOV              R0,#1
   38 00000036 7028            STRB             R0,[R5]
   39 00000038 E003            B                THOAT
   40 0000003A         CHAN
   41 0000003A F04F 0000       MOV              R0,#0
   42 0000003E 7028            STRB             R0,[R5]
   43 00000040 E7FF            B                THOAT
   44 00000042         THOAT
   45 00000042 DF11            SWI              &11
   46 00000044         ;==========================================
   47 00000044                 END
              00000000 
              00000000 
Command Line: --debug --xref --cpu=Cortex-M3 --apcs=interwork --depend=.\bai2.d
 -o.\bai2.o -IC:\Keil_v5\ARM\RV31\INC -IC:\Keil_v5\ARM\CMSIS\Include -IC:\Keil_
v5\ARM\Inc\ST\STM32F10x --list=.\bai2.lst bai2.s



ARM Macro Assembler    Page 1 Alphabetic symbol ordering
Relocatable symbols

MA 00000008

Symbol: MA
   Definitions
      At line 6 in file bai2.s
   Uses
      At line 15 in file bai2.s
Comment: MA used once
RESET 00000000

Symbol: RESET
   Definitions
      At line 2 in file bai2.s
   Uses
      None
Comment: RESET unused
SPT 00000011

Symbol: SPT
   Definitions
      At line 7 in file bai2.s
   Uses
      At line 18 in file bai2.s
Comment: SPT used once
3 symbols



ARM Macro Assembler    Page 1 Alphabetic symbol ordering
Relocatable symbols

KETQUA 00000000

Symbol: KETQUA
   Definitions
      At line 9 in file bai2.s
   Uses
      None
Comment: KETQUA unused
KQ 00000000

Symbol: KQ
   Definitions
      At line 10 in file bai2.s
   Uses
      At line 19 in file bai2.s
Comment: KQ used once
2 symbols



ARM Macro Assembler    Page 1 Alphabetic symbol ordering
Relocatable symbols

CHAN 0000003A

Symbol: CHAN
   Definitions
      At line 40 in file bai2.s
   Uses
      At line 34 in file bai2.s
Comment: CHAN used once
LE 00000032

Symbol: LE
   Definitions
      At line 36 in file bai2.s
   Uses
      At line 33 in file bai2.s
Comment: LE used once
LOOP 00000014

Symbol: LOOP
   Definitions
      At line 22 in file bai2.s
   Uses
      At line 30 in file bai2.s
Comment: LOOP used once
MAIN 00000000

Symbol: MAIN
   Definitions
      At line 13 in file bai2.s
   Uses
      At line 4 in file bai2.s
Comment: MAIN used once
MYCODE 00000000

Symbol: MYCODE
   Definitions
      At line 11 in file bai2.s
   Uses
      None
Comment: MYCODE unused
NEXT 0000002A

Symbol: NEXT
   Definitions
      At line 31 in file bai2.s
   Uses
      At line 25 in file bai2.s
Comment: NEXT used once
THOAT 00000042

Symbol: THOAT
   Definitions
      At line 44 in file bai2.s
   Uses
      At line 35 in file bai2.s
      At line 39 in file bai2.s
      At line 43 in file bai2.s

7 symbols



ARM Macro Assembler    Page 2 Alphabetic symbol ordering
Relocatable symbols

344 symbols in table
