


ARM Macro Assembler    Page 1 


    1 00000000         ; NOI 2 XAU
    2 00000000                 AREA             RESET, DATA, READONLY
    3 00000000 20002000        DCD              0X20002000
    4 00000004 00000000        DCD              start
    5 00000008 4E 67 75 
              79 65 6E 
              20 56 61 
              6E 00    CHUOI1  DCB              "Nguyen Van",0
    6 00000013 4D 69 6E 
              68 00    CHUOI2  DCB              "Minh",0
    7 00000018                 AREA             KETQUA, DATA, READWRITE
    8 00000000 00      KQ      DCB              0
    9 00000001                 AREA             mycode, CODE, READONLY
   10 00000000                 ENTRY
   11 00000000         start
   12 00000000 480B            LDR              R0, =CHUOI1
   13 00000002 490C            LDR              R1, =KQ
   14 00000004         LOOP
   15 00000004 F810 2B01       LDRB             R2, [R0], #1 ;LAY PHAN TU DAU T
                                                            IEN
   16 00000008 2A00            CMP              R2, #0      ; KIEM TRA XEM PHAI
                                                             PHAN TU KET THUC H
                                                            AY K
   17 0000000A D002            BEQ              ADDCHUOI    ; NEU LA PHAN TU KE
                                                            T THUC THI DEN KIEM
                                                             TRA CHUOI2
   18 0000000C F801 2B01       STRB             R2, [R1], #1 ;LUU GIA TRI R2 VA
                                                            O KET QUA TA DC 0xR
                                                            1 - 0X
   19 00000010 E7F8            B                LOOP
   20 00000012         ADDCHUOI
   21 00000012 F04F 0220       MOV              R2, #32     ; THEM DAU CACH DE 
                                                            NOI CHUOI
   22 00000016 F801 2B01       STRB             R2, [R1], #1 ;LUU NO VAO KQ
   23 0000001A 4807            LDR              R0, =CHUOI2 ;GAN CHUOI2 VAO R0 
                                                            DE TINH TIEP
   24 0000001C E7FF            B                LOOP2
   25 0000001E         LOOP2
   26 0000001E F810 2B01       LDRB             R2, [R0], #1 ; LAY GIA TRI CUA 
                                                            DI CHI R0 RA
   27 00000022 F801 2B01       STRB             R2, [R1], #1 ; SAU DO LUU NO VA
                                                            O R1
   28 00000026 2A00            CMP              R2, #0      ;KIEM TRA DEN 0 THI
                                                             KET THUC
   29 00000028 D000            BEQ              STOP
   30 0000002A E7F8            B                LOOP2
   31 0000002C E7FE    STOP    B                STOP
   32 0000002E                 END
              00 00 00000000 
              00000000 
              00000000 
Command Line: --debug --xref --cpu=Cortex-M3 --apcs=interwork --depend=.\bai5.d
 -o.\bai5.o -IC:\Keil_v5\ARM\RV31\INC -IC:\Keil_v5\ARM\CMSIS\Include -IC:\Keil_
v5\ARM\Inc\ST\STM32F10x --list=.\bai5.lst Bai5.s



ARM Macro Assembler    Page 1 Alphabetic symbol ordering
Relocatable symbols

CHUOI1 00000008

Symbol: CHUOI1
   Definitions
      At line 5 in file Bai5.s
   Uses
      At line 12 in file Bai5.s
Comment: CHUOI1 used once
CHUOI2 00000013

Symbol: CHUOI2
   Definitions
      At line 6 in file Bai5.s
   Uses
      At line 23 in file Bai5.s
Comment: CHUOI2 used once
RESET 00000000

Symbol: RESET
   Definitions
      At line 2 in file Bai5.s
   Uses
      None
Comment: RESET unused
3 symbols



ARM Macro Assembler    Page 1 Alphabetic symbol ordering
Relocatable symbols

KETQUA 00000000

Symbol: KETQUA
   Definitions
      At line 7 in file Bai5.s
   Uses
      None
Comment: KETQUA unused
KQ 00000000

Symbol: KQ
   Definitions
      At line 8 in file Bai5.s
   Uses
      At line 13 in file Bai5.s
Comment: KQ used once
2 symbols



ARM Macro Assembler    Page 1 Alphabetic symbol ordering
Relocatable symbols

ADDCHUOI 00000012

Symbol: ADDCHUOI
   Definitions
      At line 20 in file Bai5.s
   Uses
      At line 17 in file Bai5.s
Comment: ADDCHUOI used once
LOOP 00000004

Symbol: LOOP
   Definitions
      At line 14 in file Bai5.s
   Uses
      At line 19 in file Bai5.s
Comment: LOOP used once
LOOP2 0000001E

Symbol: LOOP2
   Definitions
      At line 25 in file Bai5.s
   Uses
      At line 24 in file Bai5.s
      At line 30 in file Bai5.s

STOP 0000002C

Symbol: STOP
   Definitions
      At line 31 in file Bai5.s
   Uses
      At line 29 in file Bai5.s
      At line 31 in file Bai5.s

mycode 00000000

Symbol: mycode
   Definitions
      At line 9 in file Bai5.s
   Uses
      None
Comment: mycode unused
start 00000000

Symbol: start
   Definitions
      At line 11 in file Bai5.s
   Uses
      At line 4 in file Bai5.s
Comment: start used once
6 symbols
343 symbols in table
