


ARM Macro Assembler    Page 1 


    1 00000000         ;CR  EQU 0x0D; KHAI BAO KY TUC KET THUC
    2 00000000                 AREA             RESET, DATA, READONLY
    3 00000000 20002000        DCD              0X20002000
    4 00000004 00000000        DCD              start
    5 00000008 00000002 
                       CHON    DCD              2
    6 0000000C 41 42 43 
              44 45 00 chuoi1  DCB              "ABCDE", 0  ; KHAI BAO DU LIEU
    7 00000012                 AREA             RESET1, DATA, READONLY
    8 00000000 00000005 
                       chuoi2  DCD              5
    9 00000004 41 42 43 
              44 45            DCB              "ABCDE"
   10 00000009                 AREA             KETQUA, DATA, READWRITE
   11 00000000 00      KQCT1   DCB              0
   12 00000001 00      KQCT2   DCB              0
   13 00000002                 AREA             MYCODE, CODE, READONLY
   14 00000000                 ENTRY
   15 00000000         start
   16 00000000 F85F 0004       LDR              R0,CHON
   17 00000004 2801            CMP              R0,#1
   18 00000006 D0FE            BEQ              CT1
   19 00000008 2802            CMP              R0,#2
   20 0000000A D0FE            BEQ              CT2
   21 0000000C         CT1     PROC
   22 0000000C 4812            LDR              R0, =chuoi1
   23 0000000E 4603            MOV              R3, R0      ; lUU TRU DIA CHI B
                                                            AT DAU
   24 00000010 4A12            LDR              R2, =KQCT1
   25 00000012         LOOP
   26 00000012 F810 1B01       LDRB             R1, [R0], #1 ;LAP DE LAY DIA CH
                                                            I CUOI CÙNG CUA CHU
                                                            OI
   27 00000016 2900            CMP              R1,#0       ; DEN KI TU KET THU
                                                            C THI DUNG
   28 00000018 D000            BEQ              TG          ;KET THUC
   29 0000001A E7FA            B                LOOP
   30 0000001C         TG
   31 0000001C F1A0 0002       SUB              R0, #2      ; GIAM DI 2 DE LAY 
                                                            DU LIEU
   32 00000020 E7FF            B                LOOP1
   33 00000022         LOOP1                                ; THUC HIEN DAO NGU
                                                            OC XAU
   34 00000022 7801            LDRB             R1, [R0]    ; LAY GIA TRI CUOI 
                                                            CUNG 
   35 00000024 F802 1B01       STRB             R1,[R2], #1 ; LUU GIA TRI CUOI 
                                                            CUNG CUA CUA DIA CH
                                                            I R1 VAO DIA CHI DA
                                                            U TIEN R2
   36 00000028 F1A0 0001       SUB              R0, #1      ;GIAM DIA CHI THANH
                                                             GHI R1 DI 1
   37 0000002C 4298            CMP              R0, R3      ;KIEM TRA R0 VOI R3
                                                             KIEM T
   38 0000002E DB12            BLT              STOP        ;NHO HON THI DUNG L
                                                            AI
   39 00000030 E7F7            B                LOOP1       ; TIEP TUC
   40 00000032 4770            BX               LR
   41 00000034                 ENDP
   42 00000034         ;=======================================================



ARM Macro Assembler    Page 2 


                       ===================================
   43 00000034         CT2     PROC
   44 00000034 480A            LDR              R0, =chuoi2
   45 00000036 F850 1B04       LDR              R1, [R0], #4 ; LAY DO DAI CHUOI
                                                            
   46 0000003A 4A0A            LDR              R2, =KQCT2
   47 0000003C F1A2 0201       SUB              R2,#1       ;DIA CHI TU 0x20000
                                                            00
   48 00000040 F1A1 0101       SUB              R1,#1       ; GIAM TRUOC DE TI 
                                                            LAY PHAN TU CUOI CU
                                                            NG
   49 00000044         LOOP2
   50 00000044 5C43            LDRB             R3, [R0,R1]
   51 00000046 2900            CMP              R1,#0       ; = 0 THI CON PHAN 
                                                            TU
   52 00000048 DB05            BLT              STOP
   53 0000004A F802 3B01       STRB             R3,[R2], #1 ; luu vao dia chi d
                                                            au tien 0x2000000
   54 0000004E F1A1 0101       SUB              R1, #1
   55 00000052 E7F7            B                LOOP2
   56 00000054 4770            BX               LR
   57 00000056                 ENDP
   58 00000056         STOP
   59 00000056 E7FE    exit    B                exit
   60 00000058                 END
              00000000 
              00000000 
              00000000 
              00000000 
Command Line: --debug --xref --cpu=Cortex-M3 --apcs=interwork --depend=.\bai3.d
 -o.\bai3.o -IC:\Keil_v5\ARM\RV31\INC -IC:\Keil_v5\ARM\CMSIS\Include -IC:\Keil_
v5\ARM\Inc\ST\STM32F10x --list=.\bai3.lst Bai3.s



ARM Macro Assembler    Page 1 Alphabetic symbol ordering
Relocatable symbols

CHON 00000008

Symbol: CHON
   Definitions
      At line 5 in file Bai3.s
   Uses
      At line 16 in file Bai3.s
Comment: CHON used once
RESET 00000000

Symbol: RESET
   Definitions
      At line 2 in file Bai3.s
   Uses
      None
Comment: RESET unused
chuoi1 0000000C

Symbol: chuoi1
   Definitions
      At line 6 in file Bai3.s
   Uses
      At line 22 in file Bai3.s
Comment: chuoi1 used once
3 symbols



ARM Macro Assembler    Page 1 Alphabetic symbol ordering
Relocatable symbols

RESET1 00000000

Symbol: RESET1
   Definitions
      At line 7 in file Bai3.s
   Uses
      None
Comment: RESET1 unused
chuoi2 00000000

Symbol: chuoi2
   Definitions
      At line 8 in file Bai3.s
   Uses
      At line 44 in file Bai3.s
Comment: chuoi2 used once
2 symbols



ARM Macro Assembler    Page 1 Alphabetic symbol ordering
Relocatable symbols

KETQUA 00000000

Symbol: KETQUA
   Definitions
      At line 10 in file Bai3.s
   Uses
      None
Comment: KETQUA unused
KQCT1 00000000

Symbol: KQCT1
   Definitions
      At line 11 in file Bai3.s
   Uses
      At line 24 in file Bai3.s
Comment: KQCT1 used once
KQCT2 00000001

Symbol: KQCT2
   Definitions
      At line 12 in file Bai3.s
   Uses
      At line 46 in file Bai3.s
Comment: KQCT2 used once
3 symbols



ARM Macro Assembler    Page 1 Alphabetic symbol ordering
Relocatable symbols

CT1 0000000C

Symbol: CT1
   Definitions
      At line 21 in file Bai3.s
   Uses
      At line 18 in file Bai3.s
Comment: CT1 used once
CT2 00000034

Symbol: CT2
   Definitions
      At line 43 in file Bai3.s
   Uses
      At line 20 in file Bai3.s
Comment: CT2 used once
LOOP 00000012

Symbol: LOOP
   Definitions
      At line 25 in file Bai3.s
   Uses
      At line 29 in file Bai3.s
Comment: LOOP used once
LOOP1 00000022

Symbol: LOOP1
   Definitions
      At line 33 in file Bai3.s
   Uses
      At line 32 in file Bai3.s
      At line 39 in file Bai3.s

LOOP2 00000044

Symbol: LOOP2
   Definitions
      At line 49 in file Bai3.s
   Uses
      At line 55 in file Bai3.s
Comment: LOOP2 used once
MYCODE 00000000

Symbol: MYCODE
   Definitions
      At line 13 in file Bai3.s
   Uses
      None
Comment: MYCODE unused
STOP 00000056

Symbol: STOP
   Definitions
      At line 58 in file Bai3.s
   Uses
      At line 38 in file Bai3.s
      At line 52 in file Bai3.s

TG 0000001C



ARM Macro Assembler    Page 2 Alphabetic symbol ordering
Relocatable symbols


Symbol: TG
   Definitions
      At line 30 in file Bai3.s
   Uses
      At line 28 in file Bai3.s
Comment: TG used once
exit 00000056

Symbol: exit
   Definitions
      At line 59 in file Bai3.s
   Uses
      At line 59 in file Bai3.s
Comment: exit used once
start 00000000

Symbol: start
   Definitions
      At line 15 in file Bai3.s
   Uses
      At line 4 in file Bai3.s
Comment: start used once
10 symbols
350 symbols in table
