


ARM Macro Assembler    Page 1 


    1 00000000         ; dem so phan tu la so nguyen to nho hon N
    2 00000000                 AREA             RESET, DATA, READONLY
    3 00000000 20001000        DCD              0X20001000
    4 00000004 00000000        DCD              MAIN
    5 00000008 0000000B 
              00000007 
              00000003 
              00000004 
              00000006 N       DCD              11,7,3,4,6
    6 0000001C 00000005 
                       SPT     DCD              5
    7 00000020                 AREA             mycode, CODE, READONLY
    8 00000000                 ENTRY
    9 00000000         MAIN
   10 00000000 F04F 0000       MOV              R0, #0      ; TONG
   11 00000004 491C            LDR              R1, =N      ; R1 = 100
   12 00000006 F85F 7004       LDR              R7,SPT
   13 0000000A F7FF FFFE       BL               CT
   14 0000000E E032            B                STOP        ;THOAT
   15 00000010         CT      PROC
   16 00000010         LOOP
   17 00000010 F851 2B04       LDR              R2,[R1],#4
   18 00000014 2F00            CMP              R7,#0       ;kim tra R2,R1 NEU 
                                                            > THI DUNG LAI
   19 00000016 D02E            BEQ              STOP
   20 00000018 2A01            CMP              R2, #1      ;KIEM TRA R2 = 1 TH
                                                            I TANG LEN 1 VI NÓ 
                                                            K PHAI LA SNT
   21 0000001A D029            BEQ              NEXT        ;CHAY DEN NOI DE R2
                                                             TANG LEN 1
   22 0000001C 2A03            CMP              R2, #3      ;KIEM TRA R2 VA 3 
   23 0000001E DD25            BLE              SNT         ;NEU R2 <= 3 THI SN
                                                            T + 1 = R0 + 1
   24 00000020 4613            MOV              R3, R2      ; CÒN >  THI SAO CH
                                                            EP R3 = R2 DE TINH
   25 00000022 F04F 0402       MOV              R4, #2      ; R4 =2 DE SU DUNG 
                                                            CHO PHEP CHIA 2
   26 00000026         KIEMTRA2
   27 00000026 FBB3 F5F4       UDIV             R5, R3, R4  ; R5=R3/R4
   28 0000002A FB05 F604       MUL              R6, R5, R4  ; 
   29 0000002E 4296            CMP              R6, R2      ; SO SANH R6 VOI R2
                                                             KIEM TRA NEU = NHA
                                                            U THI LA CHIA DC 
   30 00000030 D01E            BEQ              NEXT        ; NEU = THI KP LA S
                                                            NT
   31 00000032 F04F 0403       MOV              R4, #3      ; KO = THI GAN R4 =
                                                             3 DE KT VOI 3 
   32 00000036         KIEMTRA3
   33 00000036 FBB3 F5F4       UDIV             R5, R3, R4  ; R5=R3/R4
   34 0000003A FB05 F604       MUL              R6, R5, R4  ; 
   35 0000003E 4296            CMP              R6, R2      ; SO SANH R6 VOI R2
                                                             KIEM TRA NEU = NHA
                                                            U THI LA CHIA DC
   36 00000040 D016            BEQ              NEXT        ; NEU = THI KP LA S
                                                            NT
   37 00000042 2A05            CMP              R2, #5      ;KIEM TRA VOI 5 VI 
                                                            5 CUNG LA SNT
   38 00000044 D012            BEQ              SNT         ; R2 = 5 THI LA SNT
                                                            



ARM Macro Assembler    Page 2 


   39 00000046 F04F 0405       MOV              R4, #5      ; KO = THI GAN R4 =
                                                             5 DE KT VOI 5
   40 0000004A         KIEMTRA5
   41 0000004A FBB3 F5F4       UDIV             R5, R3, R4  ; R5=R3/R4
   42 0000004E FB05 F604       MUL              R6, R5, R4  ; 
   43 00000052 4296            CMP              R6, R2      ; SO SANH VOI SO BA
                                                            N DAU
   44 00000054 D00C            BEQ              NEXT
   45 00000056 2A07            CMP              R2, #7      ;KIEM TRA VOI 7 VI 
                                                            7 CUNG LA SNT
   46 00000058 D008            BEQ              SNT         ;R2 = 7 THI LA SNT
   47 0000005A F04F 0407       MOV              R4, #7      ; KO = THI GAN R4 =
                                                             7 DE KT VOI 7 
   48 0000005E         KIEMTRA7
   49 0000005E FBB3 F5F4       UDIV             R5, R3, R4  ; R5=R3/R4
   50 00000062 FB05 F604       MUL              R6, R5, R4  ; 
   51 00000066 4296            CMP              R6, R2      ; SO SANH VOI SO BA
                                                            N DAU
   52 00000068 D002            BEQ              NEXT
   53 0000006A E7FF            B                SNT
   54 0000006C         SNT
   55 0000006C 4410            ADD              R0,R2
   56 0000006E E7FF            B                NEXT
   57 00000070         NEXT
   58 00000070 F1A7 0701       SUB              R7,#1       ; GIAM
   59 00000074 E7CC            B                LOOP
   60 00000076                 ENDP
   61 00000076         STOP
   62 00000076 DF11            SWI              &11
   63 00000078                 END
              00000000 
Command Line: --debug --xref --cpu=Cortex-M3 --apcs=interwork --depend=.\bai4.d
 -o.\bai4.o -IC:\Keil_v5\ARM\RV31\INC -IC:\Keil_v5\ARM\CMSIS\Include -IC:\Keil_
v5\ARM\Inc\ST\STM32F10x --list=.\bai4.lst bai4.s



ARM Macro Assembler    Page 1 Alphabetic symbol ordering
Relocatable symbols

N 00000008

Symbol: N
   Definitions
      At line 5 in file bai4.s
   Uses
      At line 11 in file bai4.s
Comment: N used once
RESET 00000000

Symbol: RESET
   Definitions
      At line 2 in file bai4.s
   Uses
      None
Comment: RESET unused
SPT 0000001C

Symbol: SPT
   Definitions
      At line 6 in file bai4.s
   Uses
      At line 12 in file bai4.s
Comment: SPT used once
3 symbols



ARM Macro Assembler    Page 1 Alphabetic symbol ordering
Relocatable symbols

CT 00000010

Symbol: CT
   Definitions
      At line 15 in file bai4.s
   Uses
      At line 13 in file bai4.s
Comment: CT used once
KIEMTRA2 00000026

Symbol: KIEMTRA2
   Definitions
      At line 26 in file bai4.s
   Uses
      None
Comment: KIEMTRA2 unused
KIEMTRA3 00000036

Symbol: KIEMTRA3
   Definitions
      At line 32 in file bai4.s
   Uses
      None
Comment: KIEMTRA3 unused
KIEMTRA5 0000004A

Symbol: KIEMTRA5
   Definitions
      At line 40 in file bai4.s
   Uses
      None
Comment: KIEMTRA5 unused
KIEMTRA7 0000005E

Symbol: KIEMTRA7
   Definitions
      At line 48 in file bai4.s
   Uses
      None
Comment: KIEMTRA7 unused
LOOP 00000010

Symbol: LOOP
   Definitions
      At line 16 in file bai4.s
   Uses
      At line 59 in file bai4.s
Comment: LOOP used once
MAIN 00000000

Symbol: MAIN
   Definitions
      At line 9 in file bai4.s
   Uses
      At line 4 in file bai4.s
Comment: MAIN used once
NEXT 00000070

Symbol: NEXT



ARM Macro Assembler    Page 2 Alphabetic symbol ordering
Relocatable symbols

   Definitions
      At line 57 in file bai4.s
   Uses
      At line 21 in file bai4.s
      At line 30 in file bai4.s
      At line 36 in file bai4.s
      At line 44 in file bai4.s
      At line 52 in file bai4.s
      At line 56 in file bai4.s

SNT 0000006C

Symbol: SNT
   Definitions
      At line 54 in file bai4.s
   Uses
      At line 23 in file bai4.s
      At line 38 in file bai4.s
      At line 46 in file bai4.s
      At line 53 in file bai4.s

STOP 00000076

Symbol: STOP
   Definitions
      At line 61 in file bai4.s
   Uses
      At line 14 in file bai4.s
      At line 19 in file bai4.s

mycode 00000000

Symbol: mycode
   Definitions
      At line 7 in file bai4.s
   Uses
      None
Comment: mycode unused
11 symbols
346 symbols in table
